version('')

node('XXX', None)
node('DSU', None)
node('HCU', None)
node('EPS', None)
node('IPAS', None)

message('KINEMATICS', 0x24, False, 8, None)
  signal('YAW_RATE', 1, 10, 'big_endian', False, None, 0.25, -128, 0, 65535, 'None', False, None, None, None, {None: 'verify'})
  signal('STEERING_TORQUE', 17, 10, 'big_endian', False, None, 1, -512, 0, 65535, 'None', False, None, None, None, {None: 'does not seem the steer torque, tbd'})
  signal('ACCEL_Y', 33, 10, 'big_endian', False, None, 1, -512, 0, 65535, 'None', False, None, None, None, {None: 'unit is tbd'})

message('STEER_ANGLE_SENSOR', 0x25, False, 8, None)
  signal('STEER_ANGLE', 3, 12, 'big_endian', True, None, 1.5, 0, -500, 500, 'deg', False, None, None, None, None)
  signal('STEER_FRACTION', 39, 4, 'big_endian', True, None, 0.1, 0, -0.7, 0.7, 'deg', False, None, None, None, {None: '1/15th of the signal STEER_ANGLE, which is 1.5 deg; note that 0x8 is never set'})
  signal('STEER_RATE', 35, 12, 'big_endian', True, None, 1, 0, -2000, 2000, 'deg/s', False, None, None, None, {None: 'factor is tbd'})

message('BRAKE', 0xa6, False, 8, None)
  signal('BRAKE_AMOUNT', 7, 8, 'big_endian', False, None, 1, 0, 0, 255, 'None', False, None, None, None, None)
  signal('BRAKE_PEDAL', 23, 8, 'big_endian', False, None, 1, 0, 0, 255, 'None', False, None, None, None, None)

message('WHEEL_SPEEDS', 0xaa, False, 8, None)
  signal('WHEEL_SPEED_FR', 7, 16, 'big_endian', False, None, 0.01, -67.67, 0, 250, 'kph', False, None, None, None, None)
  signal('WHEEL_SPEED_FL', 23, 16, 'big_endian', False, None, 0.01, -67.67, 0, 250, 'kph', False, None, None, None, None)
  signal('WHEEL_SPEED_RR', 39, 16, 'big_endian', False, None, 0.01, -67.67, 0, 250, 'kph', False, None, None, None, None)
  signal('WHEEL_SPEED_RL', 55, 16, 'big_endian', False, None, 0.01, -67.67, 0, 250, 'kph', False, None, None, None, None)

message('SPEED', 0xb4, False, 8, None)
  signal('ENCODER', 39, 8, 'big_endian', False, None, 1, 0, 0, 255, 'None', False, None, None, None, None)
  signal('SPEED', 47, 16, 'big_endian', False, None, 0.01, 0, 0, 250, 'kph', False, None, None, None, None)
  signal('CHECKSUM', 63, 8, 'big_endian', False, None, 1, 0, 0, 255, 'None', False, None, None, None, None)

message('UNKNOWN186', 0xba, False, 4, None)
  signal('UNKNOW186_1', 7, 32, 'big_endian', False, None, 1, 0, 0, 255, 'None', False, None, None, None, None)

message('UNKNOWN291', 0x123, False, 7, None)
  signal('UNKNOWN291_1', 7, 8, 'big_endian', False, None, 1, 0, 0, 255, 'None', False, None, None, None, None)
  signal('UNKNOWN291_2', 15, 8, 'big_endian', False, None, 1, 0, 0, 255, 'None', False, None, None, None, None)
  signal('UNKNOWN291_3', 23, 8, 'big_endian', False, None, 1, 0, 0, 255, 'None', False, None, None, None, None)

message('UNKNOWN295', 0x127, False, 7, None)
  signal('UNKNOWN295_1', 7, 8, 'big_endian', False, None, 1, 0, 0, 255, 'None', False, None, None, None, None)
  signal('UNKNOWN295_2', 15, 8, 'big_endian', False, None, 1, 0, 0, 255, 'None', False, None, None, None, None)
  signal('UNKNOWN295_3', 23, 8, 'big_endian', False, None, 1, 0, 0, 255, 'None', False, None, None, None, None)

message('UNKNOWN296', 0x128, False, 6, None)
  signal('UNKNOWN296_1', 7, 8, 'big_endian', False, None, 1, 0, 0, 255, 'None', False, None, None, None, None)
  signal('UNKNOWN296_2', 15, 8, 'big_endian', False, None, 1, 0, 0, 255, 'None', False, None, None, None, None)
  signal('UNKNOWN296_3', 23, 8, 'big_endian', False, None, 1, 0, 0, 255, 'None', False, None, None, None, None)

message('DSU_SPEED', 0x161, False, 7, None)
  signal('FORWARD_SPEED', 15, 16, 'big_endian', True, None, 0.00390625, -30, 0, 255, 'kph', False, None, None, None, None)

message('STEERING_IPAS_COMMA', 0x167, False, 8, None)
  signal('STATE', 7, 4, 'big_endian', False, None, 1, 0, 0, 15, 'None', False, None, None, None, None)
  signal('ANGLE', 3, 12, 'big_endian', True, None, 1.5, 0, -510, 510, 'deg', False, None, None, None, None)
  signal('SET_ME_X10', 23, 8, 'big_endian', False, None, 1, 0, 0, 255, 'None', False, None, None, None, None)
  signal('DIRECTION_CMD', 38, 2, 'big_endian', False, None, 1, 0, 0, 3, 'None', False, None, None, None, None)
  signal('SET_ME_X40', 47, 8, 'big_endian', False, None, 1, 0, 0, 255, 'None', False, None, None, None, None)
  signal('SET_ME_X00', 55, 8, 'big_endian', False, None, 1, 0, 0, 255, 'None', False, None, None, None, None)
  signal('CHECKSUM', 63, 8, 'big_endian', False, None, 1, 0, 0, 255, 'None', False, None, None, None, None)

message('TRACK_A_0', 0x180, False, 8, None)
  signal('COUNTER', 7, 8, 'big_endian', False, None, 1, 0, 0, 255, 'None', False, None, None, None, None)
  signal('LONG_DIST', 15, 13, 'big_endian', False, None, 0.04, 0, 0, 300, 'm', False, None, None, None, None)
  signal('LAT_DIST', 31, 11, 'big_endian', True, None, 0.04, 0, -50, 50, 'm', False, None, None, None, None)
  signal('NEW_TRACK', 36, 1, 'big_endian', False, None, 1, 0, 0, 1, 'None', False, None, None, None, None)
  signal('REL_SPEED', 47, 12, 'big_endian', True, None, 0.025, 0, -100, 100, 'm/s', False, None, None, None, None)
  signal('VALID', 48, 1, 'big_endian', False, None, 1, 0, 0, 1, 'None', False, None, None, None, None)
  signal('CHECKSUM', 63, 8, 'big_endian', False, None, 1, 0, 0, 255, 'None', False, None, None, None, None)

message('TRACK_A_1', 0x181, False, 8, None)
  signal('COUNTER', 7, 8, 'big_endian', False, None, 1, 0, 0, 255, 'None', False, None, None, None, None)
  signal('LONG_DIST', 15, 13, 'big_endian', False, None, 0.04, 0, 0, 300, 'm', False, None, None, None, None)
  signal('LAT_DIST', 31, 11, 'big_endian', True, None, 0.04, 0, -50, 50, 'm', False, None, None, None, None)
  signal('NEW_TRACK', 36, 1, 'big_endian', False, None, 1, 0, 0, 1, 'None', False, None, None, None, None)
  signal('REL_SPEED', 47, 12, 'big_endian', True, None, 0.025, 0, -100, 100, 'm/s', False, None, None, None, None)
  signal('VALID', 48, 1, 'big_endian', False, None, 1, 0, 0, 1, 'None', False, None, None, None, None)
  signal('CHECKSUM', 63, 8, 'big_endian', False, None, 1, 0, 0, 255, 'None', False, None, None, None, None)

message('TRACK_A_2', 0x182, False, 8, None)
  signal('COUNTER', 7, 8, 'big_endian', False, None, 1, 0, 0, 255, 'None', False, None, None, None, None)
  signal('LONG_DIST', 15, 13, 'big_endian', False, None, 0.04, 0, 0, 300, 'm', False, None, None, None, None)
  signal('LAT_DIST', 31, 11, 'big_endian', True, None, 0.04, 0, -50, 50, 'm', False, None, None, None, None)
  signal('NEW_TRACK', 36, 1, 'big_endian', False, None, 1, 0, 0, 1, 'None', False, None, None, None, None)
  signal('REL_SPEED', 47, 12, 'big_endian', True, None, 0.025, 0, -100, 100, 'm/s', False, None, None, None, None)
  signal('VALID', 48, 1, 'big_endian', False, None, 1, 0, 0, 1, 'None', False, None, None, None, None)
  signal('CHECKSUM', 63, 8, 'big_endian', False, None, 1, 0, 0, 255, 'None', False, None, None, None, None)

message('TRACK_A_3', 0x183, False, 8, None)
  signal('COUNTER', 7, 8, 'big_endian', False, None, 1, 0, 0, 255, 'None', False, None, None, None, None)
  signal('LONG_DIST', 15, 13, 'big_endian', False, None, 0.04, 0, 0, 300, 'm', False, None, None, None, None)
  signal('LAT_DIST', 31, 11, 'big_endian', True, None, 0.04, 0, -50, 50, 'm', False, None, None, None, None)
  signal('NEW_TRACK', 36, 1, 'big_endian', False, None, 1, 0, 0, 1, 'None', False, None, None, None, None)
  signal('REL_SPEED', 47, 12, 'big_endian', True, None, 0.025, 0, -100, 100, 'm/s', False, None, None, None, None)
  signal('VALID', 48, 1, 'big_endian', False, None, 1, 0, 0, 1, 'None', False, None, None, None, None)
  signal('CHECKSUM', 63, 8, 'big_endian', False, None, 1, 0, 0, 255, 'None', False, None, None, None, None)

message('TRACK_A_4', 0x184, False, 8, None)
  signal('COUNTER', 7, 8, 'big_endian', False, None, 1, 0, 0, 255, 'None', False, None, None, None, None)
  signal('LONG_DIST', 15, 13, 'big_endian', False, None, 0.04, 0, 0, 300, 'm', False, None, None, None, None)
  signal('LAT_DIST', 31, 11, 'big_endian', True, None, 0.04, 0, -50, 50, 'm', False, None, None, None, None)
  signal('NEW_TRACK', 36, 1, 'big_endian', False, None, 1, 0, 0, 1, 'None', False, None, None, None, None)
  signal('REL_SPEED', 47, 12, 'big_endian', True, None, 0.025, 0, -100, 100, 'm/s', False, None, None, None, None)
  signal('VALID', 48, 1, 'big_endian', False, None, 1, 0, 0, 1, 'None', False, None, None, None, None)
  signal('CHECKSUM', 63, 8, 'big_endian', False, None, 1, 0, 0, 255, 'None', False, None, None, None, None)

message('TRACK_A_5', 0x185, False, 8, None)
  signal('COUNTER', 7, 8, 'big_endian', False, None, 1, 0, 0, 255, 'None', False, None, None, None, None)
  signal('LONG_DIST', 15, 13, 'big_endian', False, None, 0.04, 0, 0, 300, 'm', False, None, None, None, None)
  signal('LAT_DIST', 31, 11, 'big_endian', True, None, 0.04, 0, -50, 50, 'm', False, None, None, None, None)
  signal('NEW_TRACK', 36, 1, 'big_endian', False, None, 1, 0, 0, 1, 'None', False, None, None, None, None)
  signal('REL_SPEED', 47, 12, 'big_endian', True, None, 0.025, 0, -100, 100, 'm/s', False, None, None, None, None)
  signal('VALID', 48, 1, 'big_endian', False, None, 1, 0, 0, 1, 'None', False, None, None, None, None)
  signal('CHECKSUM', 63, 8, 'big_endian', False, None, 1, 0, 0, 255, 'None', False, None, None, None, None)

message('TRACK_A_6', 0x186, False, 8, None)
  signal('COUNTER', 7, 8, 'big_endian', False, None, 1, 0, 0, 255, 'None', False, None, None, None, None)
  signal('LONG_DIST', 15, 13, 'big_endian', False, None, 0.04, 0, 0, 300, 'm', False, None, None, None, None)
  signal('LAT_DIST', 31, 11, 'big_endian', True, None, 0.04, 0, -50, 50, 'm', False, None, None, None, None)
  signal('NEW_TRACK', 36, 1, 'big_endian', False, None, 1, 0, 0, 1, 'None', False, None, None, None, None)
  signal('REL_SPEED', 47, 12, 'big_endian', True, None, 0.025, 0, -100, 100, 'm/s', False, None, None, None, None)
  signal('VALID', 48, 1, 'big_endian', False, None, 1, 0, 0, 1, 'None', False, None, None, None, None)
  signal('CHECKSUM', 63, 8, 'big_endian', False, None, 1, 0, 0, 255, 'None', False, None, None, None, None)

message('TRACK_A_7', 0x187, False, 8, None)
  signal('COUNTER', 7, 8, 'big_endian', False, None, 1, 0, 0, 255, 'None', False, None, None, None, None)
  signal('LONG_DIST', 15, 13, 'big_endian', False, None, 0.04, 0, 0, 300, 'm', False, None, None, None, None)
  signal('LAT_DIST', 31, 11, 'big_endian', True, None, 0.04, 0, -50, 50, 'm', False, None, None, None, None)
  signal('NEW_TRACK', 36, 1, 'big_endian', False, None, 1, 0, 0, 1, 'None', False, None, None, None, None)
  signal('REL_SPEED', 47, 12, 'big_endian', True, None, 0.025, 0, -100, 100, 'm/s', False, None, None, None, None)
  signal('VALID', 48, 1, 'big_endian', False, None, 1, 0, 0, 1, 'None', False, None, None, None, None)
  signal('CHECKSUM', 63, 8, 'big_endian', False, None, 1, 0, 0, 255, 'None', False, None, None, None, None)

message('TRACK_A_8', 0x188, False, 8, None)
  signal('COUNTER', 7, 8, 'big_endian', False, None, 1, 0, 0, 255, 'None', False, None, None, None, None)
  signal('LONG_DIST', 15, 13, 'big_endian', False, None, 0.04, 0, 0, 300, 'm', False, None, None, None, None)
  signal('LAT_DIST', 31, 11, 'big_endian', True, None, 0.04, 0, -50, 50, 'm', False, None, None, None, None)
  signal('NEW_TRACK', 36, 1, 'big_endian', False, None, 1, 0, 0, 1, 'None', False, None, None, None, None)
  signal('REL_SPEED', 47, 12, 'big_endian', True, None, 0.025, 0, -100, 100, 'm/s', False, None, None, None, None)
  signal('VALID', 48, 1, 'big_endian', False, None, 1, 0, 0, 1, 'None', False, None, None, None, None)
  signal('CHECKSUM', 63, 8, 'big_endian', False, None, 1, 0, 0, 255, 'None', False, None, None, None, None)

message('TRACK_A_9', 0x189, False, 8, None)
  signal('COUNTER', 7, 8, 'big_endian', False, None, 1, 0, 0, 255, 'None', False, None, None, None, None)
  signal('LONG_DIST', 15, 13, 'big_endian', False, None, 0.04, 0, 0, 300, 'm', False, None, None, None, None)
  signal('LAT_DIST', 31, 11, 'big_endian', True, None, 0.04, 0, -50, 50, 'm', False, None, None, None, None)
  signal('NEW_TRACK', 36, 1, 'big_endian', False, None, 1, 0, 0, 1, 'None', False, None, None, None, None)
  signal('REL_SPEED', 47, 12, 'big_endian', True, None, 0.025, 0, -100, 100, 'm/s', False, None, None, None, None)
  signal('VALID', 48, 1, 'big_endian', False, None, 1, 0, 0, 1, 'None', False, None, None, None, None)
  signal('CHECKSUM', 63, 8, 'big_endian', False, None, 1, 0, 0, 255, 'None', False, None, None, None, None)

message('TRACK_A_10', 0x18a, False, 8, None)
  signal('COUNTER', 7, 8, 'big_endian', False, None, 1, 0, 0, 255, 'None', False, None, None, None, None)
  signal('LONG_DIST', 15, 13, 'big_endian', False, None, 0.04, 0, 0, 300, 'm', False, None, None, None, None)
  signal('LAT_DIST', 31, 11, 'big_endian', True, None, 0.04, 0, -50, 50, 'm', False, None, None, None, None)
  signal('NEW_TRACK', 36, 1, 'big_endian', False, None, 1, 0, 0, 1, 'None', False, None, None, None, None)
  signal('REL_SPEED', 47, 12, 'big_endian', True, None, 0.025, 0, -100, 100, 'm/s', False, None, None, None, None)
  signal('VALID', 48, 1, 'big_endian', False, None, 1, 0, 0, 1, 'None', False, None, None, None, None)
  signal('CHECKSUM', 63, 8, 'big_endian', False, None, 1, 0, 0, 255, 'None', False, None, None, None, None)

message('TRACK_A_11', 0x18b, False, 8, None)
  signal('COUNTER', 7, 8, 'big_endian', False, None, 1, 0, 0, 255, 'None', False, None, None, None, None)
  signal('LONG_DIST', 15, 13, 'big_endian', False, None, 0.04, 0, 0, 300, 'm', False, None, None, None, None)
  signal('LAT_DIST', 31, 11, 'big_endian', True, None, 0.04, 0, -50, 50, 'm', False, None, None, None, None)
  signal('NEW_TRACK', 36, 1, 'big_endian', False, None, 1, 0, 0, 1, 'None', False, None, None, None, None)
  signal('REL_SPEED', 47, 12, 'big_endian', True, None, 0.025, 0, -100, 100, 'm/s', False, None, None, None, None)
  signal('VALID', 48, 1, 'big_endian', False, None, 1, 0, 0, 1, 'None', False, None, None, None, None)
  signal('CHECKSUM', 63, 8, 'big_endian', False, None, 1, 0, 0, 255, 'None', False, None, None, None, None)

message('TRACK_A_12', 0x18c, False, 8, None)
  signal('COUNTER', 7, 8, 'big_endian', False, None, 1, 0, 0, 255, 'None', False, None, None, None, None)
  signal('LONG_DIST', 15, 13, 'big_endian', False, None, 0.04, 0, 0, 300, 'm', False, None, None, None, None)
  signal('LAT_DIST', 31, 11, 'big_endian', True, None, 0.04, 0, -50, 50, 'm', False, None, None, None, None)
  signal('NEW_TRACK', 36, 1, 'big_endian', False, None, 1, 0, 0, 1, 'None', False, None, None, None, None)
  signal('REL_SPEED', 47, 12, 'big_endian', True, None, 0.025, 0, -100, 100, 'm/s', False, None, None, None, None)
  signal('VALID', 48, 1, 'big_endian', False, None, 1, 0, 0, 1, 'None', False, None, None, None, None)
  signal('CHECKSUM', 63, 8, 'big_endian', False, None, 1, 0, 0, 255, 'None', False, None, None, None, None)

message('TRACK_A_13', 0x18d, False, 8, None)
  signal('COUNTER', 7, 8, 'big_endian', False, None, 1, 0, 0, 255, 'None', False, None, None, None, None)
  signal('LONG_DIST', 15, 13, 'big_endian', False, None, 0.04, 0, 0, 300, 'm', False, None, None, None, None)
  signal('LAT_DIST', 31, 11, 'big_endian', True, None, 0.04, 0, -50, 50, 'm', False, None, None, None, None)
  signal('NEW_TRACK', 36, 1, 'big_endian', False, None, 1, 0, 0, 1, 'None', False, None, None, None, None)
  signal('REL_SPEED', 47, 12, 'big_endian', True, None, 0.025, 0, -100, 100, 'm/s', False, None, None, None, None)
  signal('VALID', 48, 1, 'big_endian', False, None, 1, 0, 0, 1, 'None', False, None, None, None, None)
  signal('CHECKSUM', 63, 8, 'big_endian', False, None, 1, 0, 0, 255, 'None', False, None, None, None, None)

message('TRACK_A_14', 0x18e, False, 8, None)
  signal('COUNTER', 7, 8, 'big_endian', False, None, 1, 0, 0, 255, 'None', False, None, None, None, None)
  signal('LONG_DIST', 15, 13, 'big_endian', False, None, 0.04, 0, 0, 300, 'm', False, None, None, None, None)
  signal('LAT_DIST', 31, 11, 'big_endian', True, None, 0.04, 0, -50, 50, 'm', False, None, None, None, None)
  signal('NEW_TRACK', 36, 1, 'big_endian', False, None, 1, 0, 0, 1, 'None', False, None, None, None, None)
  signal('REL_SPEED', 47, 12, 'big_endian', True, None, 0.025, 0, -100, 100, 'm/s', False, None, None, None, None)
  signal('VALID', 48, 1, 'big_endian', False, None, 1, 0, 0, 1, 'None', False, None, None, None, None)
  signal('CHECKSUM', 63, 8, 'big_endian', False, None, 1, 0, 0, 255, 'None', False, None, None, None, None)

message('TRACK_A_15', 0x18f, False, 8, None)
  signal('COUNTER', 7, 8, 'big_endian', False, None, 1, 0, 0, 255, 'None', False, None, None, None, None)
  signal('LONG_DIST', 15, 13, 'big_endian', False, None, 0.04, 0, 0, 300, 'm', False, None, None, None, None)
  signal('LAT_DIST', 31, 11, 'big_endian', True, None, 0.04, 0, -50, 50, 'm', False, None, None, None, None)
  signal('NEW_TRACK', 36, 1, 'big_endian', False, None, 1, 0, 0, 1, 'None', False, None, None, None, None)
  signal('REL_SPEED', 47, 12, 'big_endian', True, None, 0.025, 0, -100, 100, 'm/s', False, None, None, None, None)
  signal('VALID', 48, 1, 'big_endian', False, None, 1, 0, 0, 1, 'None', False, None, None, None, None)
  signal('CHECKSUM', 63, 8, 'big_endian', False, None, 1, 0, 0, 255, 'None', False, None, None, None, None)

message('TRACK_B_0', 0x190, False, 8, None)
  signal('COUNTER', 7, 8, 'big_endian', False, None, 1, 0, 0, 255, 'None', False, None, None, None, None)
  signal('REL_ACCEL', 15, 7, 'big_endian', True, None, 1, 0, -64, 63, 'None', False, None, None, None, None)
  signal('SCORE', 23, 8, 'big_endian', False, None, 1, 0, 0, 100, 'None', False, None, None, None, None)
  signal('CHECKSUM', 63, 8, 'big_endian', False, None, 1, 0, 0, 255, 'None', False, None, None, None, None)

message('TRACK_B_1', 0x191, False, 8, None)
  signal('TRACKB1_mux', 7, 1, 'big_endian', False, None, 1, 0, None, None, 'None', True, None, None, None, None)
  signal('COUNTER', 6, 6, 'big_endian', False, None, 1, 0, 0, 255, 'None', False, [1], None, None, None)
  signal('COUNTER', 6, 6, 'big_endian', False, None, 1, 0, 0, 255, 'None', False, [0], None, None, None)
  signal('STEER_REQUEST_2', 0, 1, 'big_endian', False, None, 1, 0, 0, 1, 'None', False, [0], None, None, None)
  signal('REL_ACCEL', 15, 7, 'big_endian', True, None, 1, 0, -64, 63, 'None', False, [1], None, None, None)
  signal('STEER_ANGLE_CMD', 15, 16, 'big_endian', True, None, 0.0573, 0, -540, 540, 'None', False, [0], None, None, None)
  signal('SCORE', 22, 8, 'big_endian', False, None, 1, 0, 0, 100, 'None', False, [1], None, None, None)
  signal('BIT', 30, 1, 'big_endian', False, None, 1, 0, 0, 1, 'None', False, [0], None, None, None)
  signal('SETME_X3', 29, 2, 'big_endian', False, None, 1, 0, 0, 3, 'None', False, [0], None, None, None)
  signal('STEER_REQUEST', 25, 1, 'big_endian', False, None, 1, 0, 0, 1, 'None', False, [0], None, None, None)
  signal('PERCENTAGE', 39, 8, 'big_endian', False, None, 1, 0, 0, 255, 'None', False, [0], None, None, None)
  signal('SETME_X64', 47, 8, 'big_endian', False, None, 1, 0, 0, 255, 'None', False, [0], None, None, None)
  signal('ANGLE', 55, 8, 'big_endian', True, None, 0.5, 0, 0, 255, 'None', False, [0], None, None, None)
  signal('CHECKSUM', 63, 8, 'big_endian', False, None, 1, 0, 0, 255, 'None', False, [1], None, None, None)
  signal('CHECKSUM', 63, 8, 'big_endian', False, None, 1, 0, 0, 255, 'None', False, [0], None, None, None)

message('TRACK_B_2', 0x192, False, 8, None)
  signal('COUNTER', 7, 8, 'big_endian', False, None, 1, 0, 0, 255, 'None', False, None, None, None, None)
  signal('REL_ACCEL', 15, 7, 'big_endian', True, None, 1, 0, -64, 63, 'None', False, None, None, None, None)
  signal('SCORE', 23, 8, 'big_endian', False, None, 1, 0, 0, 100, 'None', False, None, None, None, None)
  signal('CHECKSUM', 63, 8, 'big_endian', False, None, 1, 0, 0, 255, 'None', False, None, None, None, None)

message('TRACK_B_3', 0x193, False, 8, None)
  signal('COUNTER', 7, 8, 'big_endian', False, None, 1, 0, 0, 255, 'None', False, None, None, None, None)
  signal('REL_ACCEL', 15, 7, 'big_endian', True, None, 1, 0, -64, 63, 'None', False, None, None, None, None)
  signal('SCORE', 23, 8, 'big_endian', False, None, 1, 0, 0, 100, 'None', False, None, None, None, None)
  signal('CHECKSUM', 63, 8, 'big_endian', False, None, 1, 0, 0, 255, 'None', False, None, None, None, None)

message('TRACK_B_4', 0x194, False, 8, None)
  signal('COUNTER', 7, 8, 'big_endian', False, None, 1, 0, 0, 255, 'None', False, None, None, None, None)
  signal('REL_ACCEL', 15, 7, 'big_endian', True, None, 1, 0, -64, 63, 'None', False, None, None, None, None)
  signal('SCORE', 23, 8, 'big_endian', False, None, 1, 0, 0, 100, 'None', False, None, None, None, None)
  signal('CHECKSUM', 63, 8, 'big_endian', False, None, 1, 0, 0, 255, 'None', False, None, None, None, None)

message('TRACK_B_5', 0x195, False, 8, None)
  signal('COUNTER', 7, 8, 'big_endian', False, None, 1, 0, 0, 255, 'None', False, None, None, None, None)
  signal('REL_ACCEL', 15, 7, 'big_endian', True, None, 1, 0, -64, 63, 'None', False, None, None, None, None)
  signal('SCORE', 23, 8, 'big_endian', False, None, 1, 0, 0, 100, 'None', False, None, None, None, None)
  signal('CHECKSUM', 63, 8, 'big_endian', False, None, 1, 0, 0, 255, 'None', False, None, None, None, None)

message('TRACK_B_6', 0x196, False, 8, None)
  signal('COUNTER', 7, 8, 'big_endian', False, None, 1, 0, 0, 255, 'None', False, None, None, None, None)
  signal('REL_ACCEL', 15, 7, 'big_endian', True, None, 1, 0, -64, 63, 'None', False, None, None, None, None)
  signal('SCORE', 23, 8, 'big_endian', False, None, 1, 0, 0, 100, 'None', False, None, None, None, None)
  signal('CHECKSUM', 63, 8, 'big_endian', False, None, 1, 0, 0, 255, 'None', False, None, None, None, None)

message('TRACK_B_7', 0x197, False, 8, None)
  signal('COUNTER', 7, 8, 'big_endian', False, None, 1, 0, 0, 255, 'None', False, None, None, None, None)
  signal('REL_ACCEL', 15, 7, 'big_endian', True, None, 1, 0, -64, 63, 'None', False, None, None, None, None)
  signal('SCORE', 23, 8, 'big_endian', False, None, 1, 0, 0, 100, 'None', False, None, None, None, None)
  signal('CHECKSUM', 63, 8, 'big_endian', False, None, 1, 0, 0, 255, 'None', False, None, None, None, None)

message('TRACK_B_8', 0x198, False, 8, None)
  signal('COUNTER', 7, 8, 'big_endian', False, None, 1, 0, 0, 255, 'None', False, None, None, None, None)
  signal('REL_ACCEL', 15, 7, 'big_endian', True, None, 1, 0, -64, 63, 'None', False, None, None, None, None)
  signal('SCORE', 23, 8, 'big_endian', False, None, 1, 0, 0, 100, 'None', False, None, None, None, None)
  signal('CHECKSUM', 63, 8, 'big_endian', False, None, 1, 0, 0, 255, 'None', False, None, None, None, None)

message('TRACK_B_9', 0x199, False, 8, None)
  signal('COUNTER', 7, 8, 'big_endian', False, None, 1, 0, 0, 255, 'None', False, None, None, None, None)
  signal('REL_ACCEL', 15, 7, 'big_endian', True, None, 1, 0, -64, 63, 'None', False, None, None, None, None)
  signal('SCORE', 23, 8, 'big_endian', False, None, 1, 0, 0, 100, 'None', False, None, None, None, None)
  signal('CHECKSUM', 63, 8, 'big_endian', False, None, 1, 0, 0, 255, 'None', False, None, None, None, None)

message('TRACK_B_10', 0x19a, False, 8, None)
  signal('COUNTER', 7, 8, 'big_endian', False, None, 1, 0, 0, 255, 'None', False, None, None, None, None)
  signal('REL_ACCEL', 15, 7, 'big_endian', True, None, 1, 0, -64, 63, 'None', False, None, None, None, None)
  signal('SCORE', 23, 8, 'big_endian', False, None, 1, 0, 0, 100, 'None', False, None, None, None, None)
  signal('CHECKSUM', 63, 8, 'big_endian', False, None, 1, 0, 0, 255, 'None', False, None, None, None, None)

message('TRACK_B_11', 0x19b, False, 8, None)
  signal('COUNTER', 7, 8, 'big_endian', False, None, 1, 0, 0, 255, 'None', False, None, None, None, None)
  signal('REL_ACCEL', 15, 7, 'big_endian', True, None, 1, 0, -64, 63, 'None', False, None, None, None, None)
  signal('SCORE', 23, 8, 'big_endian', False, None, 1, 0, 0, 100, 'None', False, None, None, None, None)
  signal('CHECKSUM', 63, 8, 'big_endian', False, None, 1, 0, 0, 255, 'None', False, None, None, None, None)

message('TRACK_B_12', 0x19c, False, 8, None)
  signal('COUNTER', 7, 8, 'big_endian', False, None, 1, 0, 0, 255, 'None', False, None, None, None, None)
  signal('REL_ACCEL', 15, 7, 'big_endian', True, None, 1, 0, -64, 63, 'None', False, None, None, None, None)
  signal('SCORE', 23, 8, 'big_endian', False, None, 1, 0, 0, 100, 'None', False, None, None, None, None)
  signal('CHECKSUM', 63, 8, 'big_endian', False, None, 1, 0, 0, 255, 'None', False, None, None, None, None)

message('TRACK_B_13', 0x19d, False, 8, None)
  signal('COUNTER', 7, 8, 'big_endian', False, None, 1, 0, 0, 255, 'None', False, None, None, None, None)
  signal('REL_ACCEL', 15, 7, 'big_endian', True, None, 1, 0, -64, 63, 'None', False, None, None, None, None)
  signal('SCORE', 23, 8, 'big_endian', False, None, 1, 0, 0, 100, 'None', False, None, None, None, None)
  signal('CHECKSUM', 63, 8, 'big_endian', False, None, 1, 0, 0, 255, 'None', False, None, None, None, None)

message('TRACK_B_14', 0x19e, False, 8, None)
  signal('COUNTER', 7, 8, 'big_endian', False, None, 1, 0, 0, 255, 'None', False, None, None, None, None)
  signal('REL_ACCEL', 15, 7, 'big_endian', True, None, 1, 0, -64, 63, 'None', False, None, None, None, None)
  signal('SCORE', 23, 8, 'big_endian', False, None, 1, 0, 0, 100, 'None', False, None, None, None, None)
  signal('CHECKSUM', 63, 8, 'big_endian', False, None, 1, 0, 0, 255, 'None', False, None, None, None, None)

message('TRACK_B_15', 0x19f, False, 8, None)
  signal('COUNTER', 7, 8, 'big_endian', False, None, 1, 0, 0, 255, 'None', False, None, None, None, None)
  signal('REL_ACCEL', 15, 7, 'big_endian', True, None, 1, 0, -64, 63, 'None', False, None, None, None, None)
  signal('SCORE', 23, 8, 'big_endian', False, None, 1, 0, 0, 100, 'None', False, None, None, None, None)
  signal('CHECKSUM', 63, 8, 'big_endian', False, None, 1, 0, 0, 255, 'None', False, None, None, None, None)

message('ENGINE_SPD', 0x1c4, False, 8, None)
  signal('RPM', 7, 16, 'big_endian', True, None, 0.78125, 0, None, None, 'rpm', False, None, None, None, None)

message('PCM_CRUISE', 0x1d2, False, 8, None)
  signal('CRUISE_ACTIVE', 5, 1, 'big_endian', False, None, 1, 0, 0, 1, 'None', False, None, None, None, None)
  signal('GAS_RELEASED', 4, 1, 'big_endian', False, None, 1, 0, 0, 1, 'None', False, None, None, None, None)
  signal('STANDSTILL_ON', 12, 1, 'big_endian', False, None, 1, 0, 0, 1, 'None', False, None, None, None, None)
  signal('ACCEL_NET', 23, 16, 'big_endian', True, None, 0.001, 0, -20, 20, 'm/s2', False, None, None, None, {None: 'net acceleration produced by the system, given ACCEL_CMD, road grade and other factors'})
  signal('CRUISE_STATE', 55, 4, 'big_endian', False, None, 1, 0, 0, 15, 'None', False, None, {11: 'timer_3sec', 10: 'adaptive click down', 9: 'adaptive click up', 8: 'adaptive engaged', 7: 'standstill', 6: 'non-adaptive click up', 5: 'non-adaptive click down', 4: 'non-adaptive hold down', 3: 'non-adaptive hold up', 2: 'non-adaptive being engaged', 1: 'non-adaptive engaged', 0: 'off'}, None, None)
  signal('CANCEL_REQ', 49, 1, 'little_endian', False, None, 1, 0, 0, 1, 'None', False, None, None, None, None)
  signal('CHECKSUM', 63, 8, 'big_endian', False, None, 1, 0, 0, 255, 'None', False, None, None, None, None)

message('PCM_CRUISE_2', 0x1d3, False, 8, None)
  signal('MAIN_ON', 15, 1, 'big_endian', False, None, 1, 0, 0, 1, 'None', False, None, None, None, None)
  signal('LOW_SPEED_LOCKOUT', 14, 2, 'big_endian', False, None, 1, 0, 0, 3, 'kph', False, None, {2: 'low speed locked', 1: 'ok'}, None, {None: 'in low speed lockout, system would always disengage below 28mph'})
  signal('SET_SPEED', 23, 8, 'big_endian', False, None, 1, 0, 0, 255, 'kph', False, None, None, None, {None: '43 kph are shown as 28mph, so conversion isnt perfect'})
  signal('CHECKSUM', 63, 8, 'big_endian', False, None, 1, 0, 0, 255, 'None', False, None, None, None, None)

message('GAS_COMMAND', 0x200, False, 6, None)
  signal('GAS_COMMAND', 7, 16, 'big_endian', False, None, 0.159375, -75.555, 0, 1, 'None', False, None, None, None, None)
  signal('GAS_COMMAND2', 23, 16, 'big_endian', False, None, 0.159375, -151.111, 0, 1, 'None', False, None, None, None, None)
  signal('ENABLE', 39, 1, 'big_endian', False, None, 1, 0, 0, 1, 'None', False, None, None, None, None)
  signal('COUNTER_PEDAL', 35, 4, 'big_endian', False, None, 1, 0, 0, 15, 'None', False, None, None, None, None)
  signal('CHECKSUM_PEDAL', 47, 8, 'big_endian', False, None, 1, 0, 0, 255, 'None', False, None, None, None, None)

message('GAS_SENSOR', 0x201, False, 6, None)
  signal('INTERCEPTOR_GAS', 7, 16, 'big_endian', False, None, 0.159375, -75.555, 0, 1, 'None', False, None, None, None, None)
  signal('INTERCEPTOR_GAS2', 23, 16, 'big_endian', False, None, 0.159375, -151.111, 0, 1, 'None', False, None, None, None, None)
  signal('STATE', 39, 4, 'big_endian', False, None, 1, 0, 0, 15, 'None', False, None, {5: 'FAULT_TIMEOUT', 4: 'FAULT_STARTUP', 3: 'FAULT_SCE', 2: 'FAULT_SEND', 1: 'FAULT_BAD_CHECKSUM', 0: 'NO_FAULT'}, None, None)
  signal('COUNTER_PEDAL', 35, 4, 'big_endian', False, None, 1, 0, 0, 15, 'None', False, None, None, None, None)
  signal('CHECKSUM_PEDAL', 47, 8, 'big_endian', False, None, 1, 0, 0, 255, 'None', False, None, None, None, None)

message('BRAKE_MODULE', 0x226, False, 8, None)
  signal('BRAKE_PRESSURE', 0, 9, 'big_endian', False, None, 1, 0, 0, 511, 'None', False, None, None, None, {None: 'seems prop to pedal force'})
  signal('BRAKE_POSITION', 16, 9, 'big_endian', False, None, 1, 0, 0, 511, 'None', False, None, None, None, {None: 'seems proportional to pedal displacement, unclear the max value of 0x1c8'})
  signal('BRAKE_PRESSED', 37, 1, 'big_endian', False, None, 1, 0, 0, 1, 'None', False, None, None, None, None)

message('ACCELEROMETER', 0x228, False, 4, None)
  signal('ACCEL_X', 6, 15, 'big_endian', True, None, 0.001, 0, -20, 20, 'm/s2', False, None, None, None, None)
  signal('ACCEL_Z', 22, 15, 'big_endian', True, None, 1, 0, 0, 32767, 'None', False, None, None, None, None)

message('BRAKE_MODULE2', 0x230, False, 7, None)
  signal('BRAKE_PRESSED', 26, 1, 'big_endian', False, None, 1, 0, 0, 1, 'None', False, None, None, None, {None: 'another brake pressed?'})

message('NEW_MSG_1', 0x240, False, 8, None)
  signal('NEW_SIGNAL_1', 15, 7, 'big_endian', False, None, 1, 0, 0, 127, 'None', False, None, None, None, None)
  signal('NEW_SIGNAL_2', 23, 8, 'big_endian', False, None, 1, 0, 0, 255, 'None', False, None, None, None, None)

message('NEW_MSG_2', 0x241, False, 8, None)
  signal('NEW_SIGNAL_1', 15, 7, 'big_endian', False, None, 1, 0, 0, 127, 'None', False, None, None, None, None)
  signal('NEW_SIGNAL_2', 23, 8, 'big_endian', False, None, 1, 0, 0, 255, 'None', False, None, None, None, None)

message('STEER_TORQUE_SENSOR', 0x260, False, 8, None)
  signal('STEER_OVERRIDE', 0, 1, 'big_endian', False, None, 1, 0, 0, 1, 'None', False, None, None, None, {None: 'set when driver torque exceeds a certain value'})
  signal('STEER_TORQUE_DRIVER', 15, 16, 'big_endian', True, None, 1, 0, -32768, 32767, 'None', False, None, None, None, {None: 'driver torque'})
  signal('STEER_ANGLE', 31, 16, 'big_endian', True, None, 0.05527, 0, -500, 500, 'None', False, None, None, None, None)
  signal('STEER_TORQUE_EPS', 47, 16, 'big_endian', True, None, 0.66, 0, -20000, 20000, 'None', False, None, None, None, None)
  signal('CHECKSUM', 63, 8, 'big_endian', False, None, 1, 0, 0, 255, 'None', False, None, None, None, None)

message('EPS_STATUS', 0x262, False, 8, None)
  signal('IPAS_STATE', 3, 4, 'big_endian', False, None, 1, 0, 0, 15, 'None', False, None, {5: 'override', 3: 'enabled', 1: 'disabled'}, None, None)
  signal('LKA_STATE', 31, 7, 'big_endian', False, None, 1, 0, 0, 127, 'None', False, None, {25: 'temporary_fault', 9: 'temporary_fault2', 5: 'active', 1: 'standby'}, None, None)
  signal('TYPE', 24, 1, 'big_endian', False, None, 1, 0, 0, 1, 'None', False, None, None, None, {None: 'seems 1 on Corolla, 0 on all others'})
  signal('CHECKSUM', 63, 8, 'big_endian', False, None, 1, 0, 0, 255, 'None', False, None, None, None, None)

message('STEERING_IPAS', 0x266, False, 8, None)
  signal('STATE', 7, 4, 'big_endian', False, None, 1, 0, 0, 15, 'None', False, None, {3: 'enabled', 1: 'disabled'}, None, None)
  signal('ANGLE', 3, 12, 'big_endian', True, None, 1.5, 0, -510, 510, 'deg', False, None, None, None, {None: "set to measured angle when ipas control isn't active"})
  signal('SET_ME_X10', 23, 8, 'big_endian', False, None, 1, 0, 0, 255, 'None', False, None, None, None, None)
  signal('DIRECTION_CMD', 38, 2, 'big_endian', False, None, 1, 0, 0, 3, 'None', False, None, {3: 'right', 2: 'center', 1: 'left'}, None, None)
  signal('SET_ME_X40', 47, 8, 'big_endian', False, None, 1, 0, 0, 255, 'None', False, None, None, None, None)
  signal('SET_ME_X00', 55, 8, 'big_endian', False, None, 1, 0, 0, 255, 'None', False, None, None, None, None)
  signal('CHECKSUM', 63, 8, 'big_endian', False, None, 1, 0, 0, 255, 'None', False, None, None, None, None)

message('PRE_COLLISION', 0x283, False, 7, None)
  signal('COUNTER', 7, 8, 'big_endian', False, None, 1, 0, 0, 255, 'None', False, None, None, None, {None: 'only used on cars that use this msg for cruise control'})
  signal('SET_ME_X00', 15, 8, 'big_endian', False, None, 1, 0, 0, 255, 'None', False, None, None, None, None)
  signal('FORCE', 23, 16, 'big_endian', True, None, 2, 0, 0, 255, 'N', False, None, None, None, None)
  signal('BRAKE_STATUS', 39, 3, 'big_endian', False, None, 1, 0, 0, 255, 'None', False, None, None, None, {None: 'only used on cars that use this msg for cruise control'})
  signal('STATE', 36, 3, 'big_endian', False, None, 1, 0, 0, 255, 'None', False, None, {0: 'normal', 1: 'adaptive_cruise_control', 3: 'emergency_braking'}, None, None)
  signal('SET_ME_X002', 33, 8, 'big_endian', False, None, 1, 0, 0, 3, 'None', False, None, None, None, None)
  signal('PRECOLLISION_ACTIVE', 41, 1, 'big_endian', False, None, 1, 0, 0, 255, 'None', False, None, None, None, {None: 'set 0.5s before any braking'})
  signal('SET_ME_X003', 40, 1, 'big_endian', False, None, 1, 0, 0, 1, 'None', False, None, None, None, None)
  signal('CHECKSUM', 55, 8, 'big_endian', False, None, 1, 0, 0, 255, 'None', False, None, None, None, None)

message('GAS_PEDAL', 0x2c1, False, 8, None)
  signal('GAS_RELEASED', 3, 1, 'big_endian', False, None, 1, 0, 0, 1, 'None', False, None, None, None, None)
  signal('GAS_PEDAL', 55, 8, 'big_endian', False, None, 0.03125, 0.2, 0, 1, 'None', False, None, None, None, None)

message('STEERING_LKA', 0x2e4, False, 5, None)
  signal('SET_ME_1', 7, 1, 'big_endian', False, None, 1, 0, 0, 1, 'None', False, None, None, None, None)
  signal('COUNTER', 6, 6, 'big_endian', False, None, 1, 0, 0, 63, 'None', False, None, None, None, None)
  signal('STEER_REQUEST', 0, 1, 'big_endian', False, None, 1, 0, 0, 1, 'None', False, None, None, None, None)
  signal('STEER_TORQUE_CMD', 15, 16, 'big_endian', True, None, 1, 0, 0, 65535, 'None', False, None, None, None, None)
  signal('LKA_STATE', 31, 8, 'big_endian', False, None, 1, 0, 0, 255, 'None', False, None, None, None, None)
  signal('CHECKSUM', 39, 8, 'big_endian', False, None, 1, 0, 0, 255, 'None', False, None, None, None, None)

message('LEAD_INFO', 0x2e6, False, 8, None)
  signal('LEAD_LONG_DIST', 7, 13, 'big_endian', False, None, 0.05, 0, 0, 300, 'm', False, None, None, None, None)
  signal('LEAD_REL_SPEED', 23, 12, 'big_endian', True, None, 0.025, 0, -100, 100, 'm/s', False, None, None, None, None)
  signal('CHECKSUM', 63, 8, 'big_endian', False, None, 1, 0, 0, 255, 'None', False, None, None, None, None)

message('ACCELX_INT', 0x320, False, 8, None)
  signal('ACCEL_X', 27, 20, 'little_endian', True, None, 0.001, 0, -20, 20, 'm/s2', False, None, None, None, None)

message('ACC_CONTROL', 0x343, False, 8, None)
  signal('ACCEL_CMD', 7, 16, 'big_endian', True, None, 0.001, 0, -20, 20, 'm/s2', False, None, None, None, None)
  signal('SET_ME_X01', 23, 2, 'big_endian', False, None, 1, 0, 0, 3, 'None', False, None, None, None, None)
  signal('MINI_CAR', 21, 1, 'big_endian', False, None, 1, 0, 0, 1, 'None', False, None, None, None, None)
  signal('DISTANCE', 20, 1, 'big_endian', False, None, 1, 0, 0, 1, 'None', False, None, None, None, None)
  signal('SET_ME_X3', 19, 4, 'big_endian', False, None, 1, 0, 0, 15, 'None', False, None, None, None, None)
  signal('RELEASE_STANDSTILL', 31, 1, 'big_endian', False, None, 1, 0, 0, 1, 'None', False, None, None, None, None)
  signal('CAR_AHEAD', 30, 1, 'big_endian', False, None, 1, 0, 0, 1, 'None', False, None, None, None, None)
  signal('CANCEL_REQ', 24, 1, 'big_endian', False, None, 1, 0, 0, 1, 'None', False, None, None, None, None)
  signal('ACCEL_CMD_ALT', 47, 8, 'big_endian', True, None, 0.05, 0, None, None, 'm/s^2', False, None, None, None, {None: "Copy of main ACCEL_CMD, but across 8 bits instead of 16 bits like ACCEL_CMD. Unsure if only informational or has an effect. Likely informational as existing openpilot sets this to 0 and no loss of functionality observed. Originally 'AT_RAW' in leaked toyota_2017_ref_pt.dbc file."})
  signal('CHECKSUM', 63, 8, 'big_endian', False, None, 1, 0, 0, 255, 'None', False, None, None, None, None)

message('PRE_COLLISION_2', 0x344, False, 8, None)
  signal('CHECKSUM', 63, 8, 'big_endian', False, None, 1, 0, None, None, 'None', False, None, None, None, None)

message('FUEL_PROXY', 0x361, False, 8, None)
  signal('ENGINE_FUEL_RATE', 0, 16, 'big_endian', False, None, 0.00016461308824059875, -0.25468469210306066, 0, 250, 'unknown', False, None, None, None, None)

message('DSU_CRUISE', 0x365, False, 7, None)
  signal('RES_BTN', 3, 1, 'big_endian', False, None, 1, 0, None, None, 'None', False, None, None, None, None)
  signal('SET_BTN', 2, 1, 'big_endian', False, None, 1, 0, None, None, 'None', False, None, None, None, None)
  signal('CANCEL_BTN', 1, 1, 'big_endian', False, None, 1, 0, None, None, 'None', False, None, None, None, None)
  signal('MAIN_ON', 0, 1, 'big_endian', False, None, 1, 0, None, None, 'None', False, None, None, None, None)
  signal('SET_SPEED', 15, 8, 'big_endian', False, None, 1, 0, None, None, 'km/h', False, None, None, None, None)
  signal('CRUISE_REQUEST', 31, 8, 'big_endian', False, None, 100, -12800, None, None, 'N', False, None, None, None, None)
  signal('LEAD_DISTANCE', 39, 8, 'big_endian', False, None, 1, 0, None, None, 'm', False, None, None, None, {None: 'reports lead vehicle distance -- caution not always reliable.'})

message('PCM_CRUISE_SM', 0x399, False, 8, None)
  signal('MAIN_ON', 4, 1, 'big_endian', False, None, 1, 0, 0, 1, 'None', False, None, None, None, None)
  signal('DISTANCE_LINES', 14, 2, 'big_endian', False, None, 1, 0, 0, 3, 'None', False, None, None, None, {None: 'distance setting on the ACC system. 3 is the longest, 1 is the shortest. 0 is off.'})
  signal('CRUISE_CONTROL_STATE', 11, 4, 'big_endian', False, None, 1, 0, 0, 15, 'None', False, None, {2: 'disabled', 11: 'hold', 10: 'hold_waiting_user_cmd', 6: 'enabled', 5: 'faulted'}, None, None)
  signal('UI_SET_SPEED', 31, 8, 'big_endian', False, None, 1, 0, 0, 255, 'None', False, None, None, None, {None: 'set speed shown in UI with user set unit'})

message('ESP_CONTROL', 0x3b7, False, 8, None)
  signal('TC_DISABLED', 13, 1, 'big_endian', False, None, 1, 0, 0, 1, 'None', False, None, None, None, None)
  signal('VSC_DISABLED', 12, 2, 'big_endian', False, None, 1, 0, 0, 1, 'None', False, None, None, None, None)
  signal('BRAKE_LIGHTS_ACC', 18, 1, 'big_endian', False, None, 1, 0, 0, 1, 'None', False, None, None, None, {None: 'brake lights when ACC commands decel'})

message('GEAR_PACKET', 0x3bc, False, 8, None)
  signal('SPORT_ON', 2, 1, 'big_endian', False, None, 1, 0, 0, 1, 'None', False, None, None, None, None)
  signal('GEAR', 13, 6, 'big_endian', False, None, 1, 0, 0, 63, 'None', False, None, None, None, None)
  signal('SPORT_GEAR', 38, 3, 'big_endian', False, None, 1, 0, 0, 7, 'None', False, None, None, None, None)
  signal('SPORT_GEAR_ON', 33, 1, 'big_endian', False, None, 1, 0, 0, 1, 'None', False, None, None, None, None)
  signal('DRIVE_ENGAGED', 47, 1, 'big_endian', False, None, 1, 0, 0, 1, 'None', False, None, None, None, None)
  signal('ECON_ON', 40, 1, 'big_endian', False, None, 1, 0, 0, 1, 'None', False, None, None, None, None)

message('BSM', 0x3f6, False, 8, None)
  signal('ADJACENT_ENABLED', 7, 1, 'big_endian', False, None, 1, 0, 0, 1, 'None', False, None, None, None, {None: 'when BSM is enabled in settings, this is on along with APPROACHING_ENABLED. this controls bsm alert visibility'})
  signal('R_ADJACENT', 1, 1, 'big_endian', False, None, 1, 0, 0, 1, 'None', False, None, None, None, {None: 'vehicle adjacent right side of car. enabled above 10mph, regardless of ADJACENT_ENABLED or APPROACHING_ENABLED'})
  signal('L_ADJACENT', 0, 1, 'big_endian', False, None, 1, 0, 0, 1, 'None', False, None, None, None, {None: 'vehicle adjacent left side of car. enabled above 10mph, regardless of ADJACENT_ENABLED or APPROACHING_ENABLED'})
  signal('APPROACHING_ENABLED', 15, 1, 'big_endian', False, None, 1, 0, 0, 1, 'None', False, None, None, None, {None: 'when BSM is enabled in settings, this is on along with ADJACENT_ENABLED. this controls bsm alert visibility'})
  signal('R_APPROACHING', 10, 1, 'big_endian', False, None, 1, 0, 0, 1, 'None', False, None, None, None, {None: 'vehicle approaching from right side of car. enabled above 10mph, regardless of ADJACENT_ENABLED or APPROACHING_ENABLED'})
  signal('L_APPROACHING', 8, 1, 'big_endian', False, None, 1, 0, 0, 1, 'None', False, None, None, None, {None: 'vehicle approaching from left side of car. enabled above 10mph, regardless of ADJACENT_ENABLED or APPROACHING_ENABLED'})

message('ACC_HUD', 0x411, False, 8, None)
  signal('FCW', 4, 1, 'big_endian', False, None, 1, 0, 0, 1, 'None', False, None, None, None, None)
  signal('SET_ME_X20', 15, 8, 'big_endian', False, None, 1, 0, 0, 1, 'None', False, None, None, None, None)
  signal('SET_ME_X10', 39, 8, 'big_endian', False, None, 1, 0, 0, 1, 'None', False, None, None, None, None)
  signal('SET_ME_X80', 55, 8, 'big_endian', False, None, 1, 0, 0, 1, 'None', False, None, None, None, None)

message('LKAS_HUD', 0x412, False, 8, None)
  signal('SET_ME_X01', 7, 2, 'big_endian', False, None, 1, 0, 0, 3, 'None', False, None, None, None, None)
  signal('LEFT_LINE', 5, 2, 'big_endian', False, None, 1, 0, 0, 3, 'None', False, None, {3: 'orange', 2: 'faded', 1: 'solid', 0: 'none'}, None, None)
  signal('RIGHT_LINE', 3, 2, 'big_endian', False, None, 1, 0, 0, 3, 'None', False, None, {3: 'orange', 2: 'faded', 1: 'solid', 0: 'none'}, None, None)
  signal('BARRIERS', 1, 2, 'big_endian', False, None, 1, 0, 0, 3, 'None', False, None, {3: 'both', 2: 'right', 1: 'left', 0: 'none'}, None, None)
  signal('LDA_MALFUNCTION', 15, 1, 'big_endian', False, None, 1, 0, 0, 1, 'None', False, None, None, None, None)
  signal('ADJUSTING_CAMERA', 13, 1, 'big_endian', False, None, 1, 0, 0, 1, 'None', False, None, None, None, None)
  signal('TWO_BEEPS', 12, 1, 'big_endian', False, None, 1, 0, 0, 1, 'None', False, None, None, None, None)
  signal('SET_ME_X01_2', 11, 2, 'big_endian', False, None, 1, 0, 0, 3, 'None', False, None, None, None, None)
  signal('LDA_ALERT', 9, 2, 'big_endian', False, None, 1, 0, 0, 3, 'None', False, None, {3: 'hold with continuous beep', 2: 'LDA unavailable', 1: 'hold', 0: 'none'}, None, None)
  signal('SET_ME_X0C', 23, 8, 'big_endian', False, None, 1, 0, 0, 1, 'None', False, None, None, None, None)
  signal('REPEATED_BEEPS', 32, 1, 'big_endian', False, None, 1, 0, 0, 1, 'None', False, None, None, None, {None: 'recommended for fcw and other important alerts'})
  signal('SET_ME_X2C', 47, 8, 'big_endian', False, None, 1, 0, 0, 1, 'None', False, None, None, None, None)
  signal('SET_ME_X38', 55, 8, 'big_endian', False, None, 1, 0, 0, 1, 'None', False, None, None, None, None)
  signal('SET_ME_X02', 63, 8, 'big_endian', False, None, 1, 0, 0, 1, 'None', False, None, None, None, None)

message('TIME', 0x413, False, 8, None)
  signal('YEAR', 7, 8, 'big_endian', False, None, 1, 0, None, None, 'year', False, None, None, None, None)
  signal('MONTH', 15, 8, 'big_endian', False, None, 1, 0, None, None, 'month', False, None, None, None, None)
  signal('DAY', 23, 8, 'big_endian', False, None, 1, 0, None, None, 'day', False, None, None, None, None)
  signal('HOUR', 31, 8, 'big_endian', False, None, 1, 0, None, None, 'hour', False, None, None, None, None)
  signal('MINUTE', 39, 8, 'big_endian', False, None, 1, 0, None, None, 'minute', False, None, None, None, None)
  signal('GMT_DIFF', 55, 1, 'big_endian', False, None, 1, 0, None, None, 'None', False, None, None, None, None)
  signal('GMTDIFF_HOURS', 54, 4, 'big_endian', False, None, 1, 0, None, None, 'hours', False, None, None, None, None)
  signal('GMTDIFF_MINUTES', 50, 6, 'big_endian', False, None, 1, 0, None, None, 'minutes', False, None, None, None, None)
  signal('SUMMER', 60, 1, 'big_endian', False, None, 1, 0, None, None, 'None', False, None, None, None, None)

message('VIN_PART_1', 0x580, False, 8, None)
  signal('VIN_1', 7, 8, 'big_endian', False, None, 1, 0, None, None, 'None', False, None, None, None, None)
  signal('VIN_2', 15, 8, 'big_endian', False, None, 1, 0, None, None, 'None', False, None, None, None, None)
  signal('VIN_3', 23, 8, 'big_endian', False, None, 1, 0, None, None, 'None', False, None, None, None, None)
  signal('VIN_4', 31, 8, 'big_endian', False, None, 1, 0, None, None, 'None', False, None, None, None, None)
  signal('VIN_5', 39, 8, 'big_endian', False, None, 1, 0, None, None, 'None', False, None, None, None, None)
  signal('VIN_6', 47, 8, 'big_endian', False, None, 1, 0, None, None, 'None', False, None, None, None, None)
  signal('VIN_7', 55, 8, 'big_endian', False, None, 1, 0, None, None, 'None', False, None, None, None, None)
  signal('VIN_8', 63, 8, 'big_endian', False, None, 1, 0, None, None, 'None', False, None, None, None, None)

message('VIN_PART_2', 0x581, False, 8, None)
  signal('VIN_9', 7, 8, 'big_endian', False, None, 1, 0, None, None, 'None', False, None, None, None, None)
  signal('VIN_10', 15, 8, 'big_endian', False, None, 1, 0, None, None, 'None', False, None, None, None, None)
  signal('VIN_11', 23, 8, 'big_endian', False, None, 1, 0, None, None, 'None', False, None, None, None, None)
  signal('VIN_12', 31, 8, 'big_endian', False, None, 1, 0, None, None, 'None', False, None, None, None, None)
  signal('VIN_13', 39, 8, 'big_endian', False, None, 1, 0, None, None, 'None', False, None, None, None, None)
  signal('VIN_14', 47, 8, 'big_endian', False, None, 1, 0, None, None, 'None', False, None, None, None, None)
  signal('VIN_15', 55, 8, 'big_endian', False, None, 1, 0, None, None, 'None', False, None, None, None, None)
  signal('VIN_16', 63, 8, 'big_endian', False, None, 1, 0, None, None, 'None', False, None, None, None, None)

message('VIN_PART_3', 0x582, False, 8, None)
  signal('VIN_17', 7, 8, 'big_endian', False, None, 1, 0, None, None, 'None', False, None, None, None, None)

message('INT_SPEED', 0x610, False, 8, None)
  signal('INT_SPEED', 23, 8, 'big_endian', False, None, 1, 0, None, None, 'kmph', False, None, None, None, None)

message('UI_SETTING', 0x611, False, 8, None)
  signal('UNITS', 26, 2, 'big_endian', False, None, 1, 0, 0, 3, 'None', False, None, {1: 'km', 2: 'miles'}, None, None)
  signal('ODOMETER', 43, 20, 'big_endian', False, None, 1, 0, 0, 1048575, 'None', False, None, None, None, None)

message('STEERING_LEVERS', 0x614, False, 8, None)
  signal('TURN_SIGNALS', 29, 2, 'big_endian', False, None, 1, 0, 0, 3, 'None', False, None, {3: 'none', 2: 'right', 1: 'left'}, None, None)
  signal('HAZARD_LIGHT', 27, 1, 'big_endian', False, None, 1, 0, 0, 1, 'None', False, None, None, None, None)

message('SEATS_DOORS', 0x620, False, 8, None)
  signal('DOOR_OPEN_FL', 45, 1, 'big_endian', False, None, 1, 0, 0, 1, 'None', False, None, None, None, None)
  signal('DOOR_OPEN_FR', 44, 1, 'big_endian', False, None, 1, 0, 0, 1, 'None', False, None, None, None, None)
  signal('DOOR_OPEN_RR', 43, 1, 'big_endian', False, None, 1, 0, 0, 1, 'None', False, None, None, None, None)
  signal('DOOR_OPEN_RL', 42, 1, 'big_endian', False, None, 1, 0, 0, 1, 'None', False, None, None, None, None)
  signal('SEATBELT_DRIVER_UNLATCHED', 62, 1, 'big_endian', False, None, 1, 0, 0, 1, 'None', False, None, None, None, None)

message('LIGHT_STALK', 0x622, False, 8, None)
  signal('LIGHT_STATE_CHANGED', 15, 1, 'big_endian', False, None, 1, 0, 0, 1, 'None', False, None, None, None, None)
  signal('HIGH_BEAMS_ON', 30, 1, 'big_endian', False, None, 1, 0, 0, 1, 'None', False, None, None, None, None)
  signal('HEAD_LAMPS_ON', 29, 1, 'big_endian', False, None, 1, 0, 0, 1, 'None', False, None, None, None, None)
  signal('RUNNING_LIGHTS_ON', 28, 1, 'big_endian', False, None, 1, 0, 0, 1, 'None', False, None, None, None, None)

message('RSA1', 0x489, False, 8, None)
  signal('TSGN1', 7, 8, 'big_endian', False, None, 1, 0, None, None, 'None', False, None, {1: 'speed sign', 0: 'none'}, None, None)
  signal('TSGNGRY1', 12, 3, 'big_endian', False, None, 1, 0, None, None, 'None', False, None, None, None, None)
  signal('TSGNHLT1', 9, 2, 'big_endian', False, None, 1, 0, None, None, 'None', False, None, None, None, None)
  signal('SPDVAL1', 23, 8, 'big_endian', False, None, 1, 0, None, None, 'kph', False, None, None, None, {None: 'Numbers 0-199 is displayed, 200-254 displays circle without number and 255 is for no limit.'})
  signal('SPLSGN1', 31, 4, 'big_endian', False, None, 1, 0, None, None, 'None', False, None, None, None, None)
  signal('SPLSGN2', 27, 4, 'big_endian', False, None, 1, 0, None, None, 'None', False, None, {15: 'conditional blank', 4: 'wet road', 5: 'rain', 0: 'none'}, None, None)
  signal('TSGN2', 39, 8, 'big_endian', False, None, 1, 0, None, None, 'None', False, None, {1: 'speed sign', 0: 'none'}, None, None)
  signal('TSGNGRY2', 44, 3, 'big_endian', False, None, 1, 0, None, None, 'None', False, None, None, None, None)
  signal('TSGNHLT2', 41, 2, 'big_endian', False, None, 1, 0, None, None, 'None', False, None, None, None, None)
  signal('SPDVAL2', 55, 8, 'big_endian', False, None, 1, 0, None, None, 'None', False, None, None, None, {None: 'conditional speed value 70'})
  signal('BZRRQ_P', 63, 2, 'big_endian', False, None, 1, 0, None, None, 'None', False, None, None, None, None)
  signal('BZRRQ_A', 61, 2, 'big_endian', False, None, 1, 0, None, None, 'None', False, None, None, None, None)
  signal('SYNCID1', 59, 4, 'big_endian', False, None, 1, 0, None, None, 'None', False, None, None, None, {None: 'counter from 1 to f at 1 Hz'})

message('RSA2', 0x48a, False, 8, None)
  signal('TSGN3', 7, 8, 'big_endian', False, None, 1, 0, None, None, 'None', False, None, {0: 'none', 1: 'speed sign', 2: '0 unlimited', 7: 'unlimited', 16: 'highway', 17: 'no highway', 18: 'motorway', 19: 'no motorway', 20: 'in city', 21: 'outside city', 22: 'pedestrian area', 23: 'no pedestrian area', 65: 'no overtaking left', 66: 'no overtaking right', 67: 'overtaking allowed again', 81: 'no right turn', 97: 'stop', 105: 'yield', 113: 'stop', 114: 'yield us', 129: 'no entry', 138: 'no entry tss2', 145: 'do not enter'}, None, None)
  signal('TSGNGRY3', 12, 3, 'big_endian', False, None, 1, 0, None, None, 'None', False, None, None, None, None)
  signal('TSGNHLT3', 9, 2, 'big_endian', False, None, 1, 0, None, None, 'None', False, None, None, None, None)
  signal('SPLSGN3', 31, 4, 'big_endian', False, None, 1, 0, None, None, 'None', False, None, {15: 'conditional blank', 4: 'wet road', 5: 'rain', 0: 'none'}, None, None)
  signal('SPLSGN4', 27, 4, 'big_endian', False, None, 1, 0, None, None, 'None', False, None, None, None, None)
  signal('TSGN4', 39, 8, 'big_endian', False, None, 1, 0, None, None, 'None', False, None, None, None, None)
  signal('TSGNGRY4', 44, 3, 'big_endian', False, None, 1, 0, None, None, 'None', False, None, None, None, None)
  signal('TSGNHLT4', 41, 2, 'big_endian', False, None, 1, 0, None, None, 'None', False, None, None, None, None)
  signal('DPSGNREQ', 54, 1, 'big_endian', False, None, 1, 0, None, None, 'None', False, None, None, None, None)
  signal('SGNNUMP', 53, 3, 'big_endian', False, None, 1, 0, None, None, 'None', False, None, None, None, {None: '1 if SPDVAL1 is set, otherwise 0'})
  signal('SGNNUMA', 50, 3, 'big_endian', False, None, 1, 0, None, None, 'None', False, None, None, None, None)
  signal('SPDUNT', 63, 2, 'big_endian', False, None, 1, 0, None, None, 'None', False, None, None, None, None)
  signal('TSRWMSG', 61, 2, 'big_endian', False, None, 1, 0, None, None, 'None', False, None, None, None, None)
  signal('SYNCID2', 59, 4, 'big_endian', False, None, 1, 0, None, None, 'None', False, None, None, None, {None: 'counter from 1 to f at 1 Hz'})

message('RSA3', 0x48b, False, 8, None)
  signal('TSREQPD', 7, 1, 'big_endian', False, None, 1, 0, None, None, 'None', False, None, None, None, {None: 'always 1'})
  signal('TSRMSW', 6, 1, 'big_endian', False, None, 1, 0, None, None, 'None', False, None, None, None, {None: 'always 1'})
  signal('OTSGNNTM', 5, 2, 'big_endian', False, None, 1, 0, None, None, 'None', False, None, None, None, {None: 'always 3'})
  signal('NTLVLSPD', 3, 2, 'big_endian', False, None, 1, 0, None, None, 'None', False, None, None, None, {None: 'always 3'})
  signal('OVSPNTM', 1, 2, 'big_endian', False, None, 1, 0, None, None, 'None', False, None, None, None, {None: 'always 3'})
  signal('OVSPVALL', 11, 4, 'big_endian', False, None, 1, -5, None, None, 'None', False, None, None, None, {None: '-5 at start then 2 after 2 seconds'})
  signal('OVSPVALM', 19, 4, 'big_endian', False, None, 1, -5, None, None, 'None', False, None, None, None, {None: '-5 at start then 5 after 2 seconds'})
  signal('OVSPVALH', 27, 4, 'big_endian', False, None, 1, -5, None, None, 'None', False, None, None, None, {None: '-5 at start then 10 after 2 seconds'})
  signal('TSRSPU', 33, 2, 'big_endian', False, None, 1, 0, None, None, 'None', False, None, None, None, {None: 'always 1'})

message('U1572', 0x624, False, 8, None)
  signal('ABC', 39, 8, 'big_endian', False, None, 1, 0, 0, 255, 'None', False, None, None, None, None)
  signal('XYZ', 47, 16, 'big_endian', False, None, 0.01, 0, 0, 250, 'None', False, None, None, None, None)
  signal('PQR', 63, 8, 'big_endian', False, None, 1, 0, 0, 255, 'None', False, None, None, None, None)

message('U1592', 0x638, False, 8, None)
  signal('ABC', 39, 8, 'big_endian', False, None, 1, 0, 0, 255, 'None', False, None, None, None, None)
  signal('XYZ', 47, 16, 'big_endian', False, None, 0.01, 0, 0, 250, 'None', False, None, None, None, None)
  signal('PQR', 63, 8, 'big_endian', False, None, 1, 0, 0, 255, 'None', False, None, None, None, None)

message('U1594', 0x63a, False, 8, None)
  signal('ABC', 39, 8, 'big_endian', False, None, 1, 0, 0, 255, 'None', False, None, None, None, None)
  signal('XYZ', 47, 16, 'big_endian', False, None, 0.01, 0, 0, 250, 'None', False, None, None, None, None)
  signal('PQR', 63, 8, 'big_endian', False, None, 1, 0, 0, 255, 'None', False, None, None, None, None)

message('U1595', 0x63b, False, 8, None)
  signal('YEAR', 7, 8, 'big_endian', False, None, 1, 0, None, None, 'year', False, None, None, None, None)
  signal('MONTH', 15, 8, 'big_endian', False, None, 1, 0, None, None, 'month', False, None, None, None, None)
  signal('DAY', 23, 8, 'big_endian', False, None, 1, 0, None, None, 'day', False, None, None, None, None)
  signal('HOUR', 31, 8, 'big_endian', False, None, 1, 0, None, None, 'hour', False, None, None, None, None)
  signal('MINUTE', 39, 8, 'big_endian', False, None, 1, 0, None, None, 'minute', False, None, None, None, None)
  signal('GMT_DIFF', 55, 1, 'big_endian', False, None, 1, 0, None, None, 'None', False, None, None, None, None)
  signal('GMTDIFF_HOURS', 54, 4, 'big_endian', False, None, 1, 0, None, None, 'hours', False, None, None, None, None)
  signal('GMTDIFF_MINUTES', 50, 6, 'big_endian', False, None, 1, 0, None, None, 'minutes', False, None, None, None, None)
  signal('SUMMER', 60, 1, 'big_endian', False, None, 1, 0, None, None, 'None', False, None, None, None, None)

message('U1649', 0x671, False, 8, None)
  signal('ABC', 39, 8, 'big_endian', False, None, 1, 0, 0, 255, 'None', False, None, None, None, None)
  signal('XYZ', 47, 16, 'big_endian', False, None, 0.01, 0, 0, 250, 'None', False, None, None, None, None)
  signal('PQR', 63, 8, 'big_endian', False, None, 1, 0, 0, 255, 'None', False, None, None, None, None)

message('U1696', 0x6a0, False, 8, None)
  signal('ABC', 39, 8, 'big_endian', False, None, 1, 0, 0, 255, 'None', False, None, None, None, None)
  signal('XYZ', 47, 16, 'big_endian', False, None, 0.01, 0, 0, 250, 'None', False, None, None, None, None)
  signal('PQR', 63, 8, 'big_endian', False, None, 1, 0, 0, 255, 'None', False, None, None, None, None)

message('U1745', 0x6d1, False, 8, None)
  signal('ABC', 39, 8, 'big_endian', False, None, 1, 0, 0, 255, 'None', False, None, None, None, None)
  signal('XYZ', 47, 16, 'big_endian', False, None, 0.01, 0, 0, 250, 'None', False, None, None, None, None)
  signal('PQR', 63, 8, 'big_endian', False, None, 1, 0, 0, 255, 'None', False, None, None, None, None)

message('U1775', 0x6ef, False, 8, None)
  signal('ABC', 39, 8, 'big_endian', False, None, 1, 0, 0, 255, 'None', False, None, None, None, None)
  signal('XYZ', 47, 16, 'big_endian', False, None, 0.01, 0, 0, 250, 'None', False, None, None, None, None)
  signal('PQR', 63, 8, 'big_endian', False, None, 1, 0, 0, 255, 'None', False, None, None, None, None)

message('U1779', 0x6f3, False, 8, None)
  signal('ABC', 39, 8, 'big_endian', False, None, 1, 0, 0, 255, 'None', False, None, None, None, None)
  signal('XYZ', 47, 16, 'big_endian', False, None, 0.01, 0, 0, 250, 'None', False, None, None, None, None)
  signal('PQR', 63, 8, 'big_endian', False, None, 1, 0, 0, 255, 'None', False, None, None, None, None)

message('U1786', 0x6fa, False, 8, None)
  signal('ABC', 39, 8, 'big_endian', False, None, 1, 0, 0, 255, 'None', False, None, None, None, None)
  signal('XYZ', 47, 16, 'big_endian', False, None, 0.01, 0, 0, 250, 'None', False, None, None, None, None)
  signal('PQR', 63, 8, 'big_endian', False, None, 1, 0, 0, 255, 'None', False, None, None, None, None)

message('U1787', 0x6fb, False, 8, None)
  signal('ABC', 39, 8, 'big_endian', False, None, 1, 0, 0, 255, 'None', False, None, None, None, None)
  signal('XYZ', 47, 16, 'big_endian', False, None, 0.01, 0, 0, 250, 'None', False, None, None, None, None)
  signal('PQR', 63, 8, 'big_endian', False, None, 1, 0, 0, 255, 'None', False, None, None, None, None)

message('U1788', 0x6fc, False, 8, None)
  signal('ABC', 39, 8, 'big_endian', False, None, 1, 0, 0, 255, 'None', False, None, None, None, None)
  signal('XYZ', 47, 16, 'big_endian', False, None, 0.01, 0, 0, 250, 'None', False, None, None, None, None)
  signal('PQR', 63, 8, 'big_endian', False, None, 1, 0, 0, 255, 'None', False, None, None, None, None)

message('U1789', 0x6fd, False, 8, None)
  signal('ABC', 39, 8, 'big_endian', False, None, 1, 0, 0, 255, 'None', False, None, None, None, None)
  signal('XYZ', 47, 16, 'big_endian', False, None, 0.01, 0, 0, 250, 'None', False, None, None, None, None)
  signal('PQR', 63, 8, 'big_endian', False, None, 1, 0, 0, 255, 'None', False, None, None, None, None)
